<?xml version="1.0" encoding="UTF-8"?>
<coverage generated="1521686035">
  <project timestamp="1521686035">
    <package name="Interview\Solutions\Strings\Reverse\Algorithms">
      <file name="/home/dan/reverse/src/Algorithms/ReverseAlgorithm.php">
        <class name="Interview\Solutions\Strings\Reverse\Algorithms\ReverseAlgorithm" namespace="Interview\Solutions\Strings\Reverse\Algorithms" fullPackage="Interview" package="Interview">
          <metrics complexity="4" methods="2" coveredmethods="1" conditionals="0" coveredconditionals="0" statements="7" coveredstatements="6" elements="9" coveredelements="7"/>
        </class>
        <line num="17" type="method" name="process" visibility="public" complexity="2" crap="2.15" count="1"/>
        <line num="18" type="stmt" count="1"/>
        <line num="19" type="stmt" count="0"/>
        <line num="22" type="stmt" count="1"/>
        <line num="29" type="method" name="_process" visibility="public" complexity="2" crap="2" count="1"/>
        <line num="30" type="stmt" count="1"/>
        <line num="31" type="stmt" count="1"/>
        <line num="32" type="stmt" count="1"/>
        <line num="35" type="stmt" count="1"/>
        <metrics loc="36" ncloc="24" classes="1" methods="2" coveredmethods="1" conditionals="0" coveredconditionals="0" statements="7" coveredstatements="6" elements="9" coveredelements="7"/>
      </file>
    </package>
    <package name="Interview\Solutions\Strings\Reverse">
      <file name="/home/dan/reverse/src/Constants.php">
        <class name="Interview\Solutions\Strings\Reverse\Constants" namespace="Interview\Solutions\Strings\Reverse" fullPackage="Interview" package="Interview">
          <metrics complexity="0" methods="0" coveredmethods="0" conditionals="0" coveredconditionals="0" statements="0" coveredstatements="0" elements="0" coveredelements="0"/>
        </class>
        <metrics loc="14" ncloc="10" classes="0" methods="0" coveredmethods="0" conditionals="0" coveredconditionals="0" statements="0" coveredstatements="0" elements="0" coveredelements="0"/>
      </file>
      <file name="/home/dan/reverse/src/Reverse.php">
        <class name="Interview\Solutions\Strings\Reverse\Reverse" namespace="Interview\Solutions\Strings\Reverse" fullPackage="Interview" package="Interview">
          <metrics complexity="1" methods="1" coveredmethods="1" conditionals="0" coveredconditionals="0" statements="9" coveredstatements="9" elements="10" coveredelements="10"/>
        </class>
        <line num="18" type="method" name="reverseString" visibility="public" complexity="1" crap="1" count="1"/>
        <line num="19" type="stmt" count="1"/>
        <line num="21" type="stmt" count="1"/>
        <line num="22" type="stmt" count="1"/>
        <line num="23" type="stmt" count="1"/>
        <line num="24" type="stmt" count="1"/>
        <line num="25" type="stmt" count="1"/>
        <line num="26" type="stmt" count="1"/>
        <line num="27" type="stmt" count="1"/>
        <line num="28" type="stmt" count="1"/>
        <metrics loc="29" ncloc="21" classes="1" methods="1" coveredmethods="1" conditionals="0" coveredconditionals="0" statements="9" coveredstatements="9" elements="10" coveredelements="10"/>
      </file>
    </package>
    <package name="Interview\Solutions\Strings\Reverse\Factories">
      <file name="/home/dan/reverse/src/Factories/StringFactory.php">
        <class name="Interview\Solutions\Strings\Reverse\Factories\StringFactory" namespace="Interview\Solutions\Strings\Reverse\Factories" fullPackage="Interview" package="Interview">
          <metrics complexity="3" methods="3" coveredmethods="3" conditionals="0" coveredconditionals="0" statements="4" coveredstatements="4" elements="7" coveredelements="7"/>
        </class>
        <line num="21" type="method" name="getInstance" visibility="public" complexity="1" crap="1" count="1"/>
        <line num="22" type="stmt" count="1"/>
        <line num="28" type="method" name="getString" visibility="public" complexity="1" crap="1" count="1"/>
        <line num="29" type="stmt" count="1"/>
        <line num="36" type="method" name="setString" visibility="public" complexity="1" crap="1" count="1"/>
        <line num="37" type="stmt" count="1"/>
        <line num="39" type="stmt" count="1"/>
        <metrics loc="41" ncloc="24" classes="1" methods="3" coveredmethods="3" conditionals="0" coveredconditionals="0" statements="4" coveredstatements="4" elements="7" coveredelements="7"/>
      </file>
    </package>
    <file name="/home/dan/reverse/src/Interfaces/Algorithms/AlgorithmInterface.php">
      <metrics loc="14" ncloc="7" classes="0" methods="0" coveredmethods="0" conditionals="0" coveredconditionals="0" statements="0" coveredstatements="0" elements="0" coveredelements="0"/>
    </file>
    <file name="/home/dan/reverse/src/Interfaces/Factories/StringFactoryInterface.php">
      <metrics loc="30" ncloc="16" classes="0" methods="0" coveredmethods="0" conditionals="0" coveredconditionals="0" statements="0" coveredstatements="0" elements="0" coveredelements="0"/>
    </file>
    <file name="/home/dan/reverse/src/Interfaces/Parameters/StringFactoryStringParameterInterface.php">
      <metrics loc="29" ncloc="15" classes="0" methods="0" coveredmethods="0" conditionals="0" coveredconditionals="0" statements="0" coveredstatements="0" elements="0" coveredelements="0"/>
    </file>
    <file name="/home/dan/reverse/src/Interfaces/Returners/StringReturnerInterface.php">
      <metrics loc="29" ncloc="15" classes="0" methods="0" coveredmethods="0" conditionals="0" coveredconditionals="0" statements="0" coveredstatements="0" elements="0" coveredelements="0"/>
    </file>
    <file name="/home/dan/reverse/src/Interfaces/Solutions/StringReverseStringSolutionInterface.php">
      <metrics loc="24" ncloc="13" classes="0" methods="0" coveredmethods="0" conditionals="0" coveredconditionals="0" statements="0" coveredstatements="0" elements="0" coveredelements="0"/>
    </file>
    <file name="/home/dan/reverse/src/Interfaces/Types/ArrayTypeInterface.php">
      <metrics loc="34" ncloc="17" classes="0" methods="0" coveredmethods="0" conditionals="0" coveredconditionals="0" statements="0" coveredstatements="0" elements="0" coveredelements="0"/>
    </file>
    <file name="/home/dan/reverse/src/Interfaces/Types/StringTypeInterface.php">
      <metrics loc="34" ncloc="17" classes="0" methods="0" coveredmethods="0" conditionals="0" coveredconditionals="0" statements="0" coveredstatements="0" elements="0" coveredelements="0"/>
    </file>
    <package name="Interview\Solutions\Strings\Reverse\Parameters">
      <file name="/home/dan/reverse/src/Parameters/StringFactoryStringParameter.php">
        <class name="Interview\Solutions\Strings\Reverse\Parameters\StringFactoryStringParameter" namespace="Interview\Solutions\Strings\Reverse\Parameters" fullPackage="Interview" package="Interview">
          <metrics complexity="3" methods="3" coveredmethods="1" conditionals="0" coveredconditionals="0" statements="4" coveredstatements="1" elements="7" coveredelements="2"/>
        </class>
        <line num="21" type="method" name="getInstance" visibility="public" complexity="1" crap="1" count="1"/>
        <line num="22" type="stmt" count="1"/>
        <line num="28" type="method" name="getValue" visibility="public" complexity="1" crap="2.00" count="0"/>
        <line num="29" type="stmt" count="0"/>
        <line num="36" type="method" name="setValue" visibility="public" complexity="1" crap="2.00" count="0"/>
        <line num="37" type="stmt" count="0"/>
        <line num="39" type="stmt" count="0"/>
        <metrics loc="41" ncloc="24" classes="1" methods="3" coveredmethods="1" conditionals="0" coveredconditionals="0" statements="4" coveredstatements="1" elements="7" coveredelements="2"/>
      </file>
    </package>
    <package name="Interview\Solutions\Strings\Reverse\Returners">
      <file name="/home/dan/reverse/src/Returners/StringReturner.php">
        <class name="Interview\Solutions\Strings\Reverse\Returners\StringReturner" namespace="Interview\Solutions\Strings\Reverse\Returners" fullPackage="Interview" package="Interview">
          <metrics complexity="3" methods="3" coveredmethods="3" conditionals="0" coveredconditionals="0" statements="4" coveredstatements="4" elements="7" coveredelements="7"/>
        </class>
        <line num="21" type="method" name="getInstance" visibility="public" complexity="1" crap="1" count="1"/>
        <line num="22" type="stmt" count="1"/>
        <line num="29" type="method" name="setValue" visibility="public" complexity="1" crap="1" count="1"/>
        <line num="30" type="stmt" count="1"/>
        <line num="32" type="stmt" count="1"/>
        <line num="38" type="method" name="getValue" visibility="public" complexity="1" crap="1" count="1"/>
        <line num="39" type="stmt" count="1"/>
        <metrics loc="41" ncloc="24" classes="1" methods="3" coveredmethods="3" conditionals="0" coveredconditionals="0" statements="4" coveredstatements="4" elements="7" coveredelements="7"/>
      </file>
    </package>
    <package name="Interview\Solutions\Strings\Reverse\Solutions">
      <file name="/home/dan/reverse/src/Solutions/StringReverseStringSolution.php">
        <class name="Interview\Solutions\Strings\Reverse\Solutions\StringReverseStringSolution" namespace="Interview\Solutions\Strings\Reverse\Solutions" fullPackage="Interview" package="Interview">
          <metrics complexity="4" methods="3" coveredmethods="2" conditionals="0" coveredconditionals="0" statements="13" coveredstatements="11" elements="16" coveredelements="13"/>
        </class>
        <line num="27" type="method" name="runReverseStringSolution" visibility="public" complexity="2" crap="2.26" count="1"/>
        <line num="28" type="stmt" count="1"/>
        <line num="29" type="stmt" count="1"/>
        <line num="30" type="stmt" count="1"/>
        <line num="32" type="stmt" count="0"/>
        <line num="33" type="stmt" count="0"/>
        <line num="40" type="method" name="checkSupportedAlgorithms" visibility="public" complexity="1" crap="1" count="1"/>
        <line num="41" type="stmt" count="1"/>
        <line num="42" type="stmt" count="1"/>
        <line num="48" type="method" name="ReverseAlgorithm" visibility="protected" complexity="1" crap="1" count="1"/>
        <line num="49" type="stmt" count="1"/>
        <line num="50" type="stmt" count="1"/>
        <line num="51" type="stmt" count="1"/>
        <line num="52" type="stmt" count="1"/>
        <line num="53" type="stmt" count="1"/>
        <line num="54" type="stmt" count="1"/>
        <metrics loc="55" ncloc="37" classes="1" methods="3" coveredmethods="2" conditionals="0" coveredconditionals="0" statements="13" coveredstatements="11" elements="16" coveredelements="13"/>
      </file>
    </package>
    <package name="Interview\Solutions\Strings\Reverse\Types">
      <file name="/home/dan/reverse/src/Types/ArrayType.php">
        <class name="Interview\Solutions\Strings\Reverse\Types\ArrayType" namespace="Interview\Solutions\Strings\Reverse\Types" fullPackage="Interview" package="Interview">
          <metrics complexity="9" methods="5" coveredmethods="4" conditionals="0" coveredconditionals="0" statements="12" coveredstatements="11" elements="17" coveredelements="15"/>
        </class>
        <line num="20" type="method" name="getInstance" visibility="public" complexity="1" crap="1" count="1"/>
        <line num="21" type="stmt" count="1"/>
        <line num="28" type="method" name="setValue" visibility="public" complexity="1" crap="1" count="1"/>
        <line num="29" type="stmt" count="1"/>
        <line num="31" type="stmt" count="1"/>
        <line num="37" type="method" name="toStringType" visibility="public" complexity="1" crap="1" count="1"/>
        <line num="38" type="stmt" count="1"/>
        <line num="45" type="method" name="_toStringType" visibility="private" complexity="5" crap="5.07" count="1"/>
        <line num="46" type="stmt" count="1"/>
        <line num="47" type="stmt" count="1"/>
        <line num="48" type="stmt" count="1"/>
        <line num="49" type="stmt" count="1"/>
        <line num="50" type="stmt" count="0"/>
        <line num="52" type="stmt" count="1"/>
        <line num="57" type="stmt" count="1"/>
        <line num="63" type="method" name="getValue" visibility="public" complexity="1" crap="1" count="1"/>
        <line num="64" type="stmt" count="1"/>
        <metrics loc="66" ncloc="42" classes="1" methods="5" coveredmethods="4" conditionals="0" coveredconditionals="0" statements="12" coveredstatements="11" elements="17" coveredelements="15"/>
      </file>
      <file name="/home/dan/reverse/src/Types/StringType.php">
        <class name="Interview\Solutions\Strings\Reverse\Types\StringType" namespace="Interview\Solutions\Strings\Reverse\Types" fullPackage="Interview" package="Interview">
          <metrics complexity="5" methods="5" coveredmethods="5" conditionals="0" coveredconditionals="0" statements="6" coveredstatements="6" elements="11" coveredelements="11"/>
        </class>
        <line num="20" type="method" name="getInstance" visibility="public" complexity="1" crap="1" count="1"/>
        <line num="21" type="stmt" count="1"/>
        <line num="28" type="method" name="setValue" visibility="public" complexity="1" crap="1" count="1"/>
        <line num="29" type="stmt" count="1"/>
        <line num="31" type="stmt" count="1"/>
        <line num="37" type="method" name="toArrayType" visibility="public" complexity="1" crap="1" count="1"/>
        <line num="38" type="stmt" count="1"/>
        <line num="45" type="method" name="_toArrayType" visibility="private" complexity="1" crap="1" count="1"/>
        <line num="46" type="stmt" count="1"/>
        <line num="52" type="method" name="getValue" visibility="public" complexity="1" crap="1" count="1"/>
        <line num="53" type="stmt" count="1"/>
        <metrics loc="56" ncloc="32" classes="1" methods="5" coveredmethods="5" conditionals="0" coveredconditionals="0" statements="6" coveredstatements="6" elements="11" coveredelements="11"/>
      </file>
    </package>
    <metrics files="16" loc="573" ncloc="338" classes="8" methods="25" coveredmethods="20" conditionals="0" coveredconditionals="0" statements="59" coveredstatements="52" elements="84" coveredelements="72"/>
  </project>
</coverage>
